mode: set
github.com/tellor-io/TellorMiner/tracker/gas.go:32.38,34.2 1 1
github.com/tellor-io/TellorMiner/tracker/gas.go:37.54,42.16 4 1
github.com/tellor-io/TellorMiner/tracker/gas.go:47.2,49.35 2 1
github.com/tellor-io/TellorMiner/tracker/gas.go:71.2,72.39 2 1
github.com/tellor-io/TellorMiner/tracker/gas.go:42.16,45.3 2 0
github.com/tellor-io/TellorMiner/tracker/gas.go:49.35,53.17 4 1
github.com/tellor-io/TellorMiner/tracker/gas.go:53.17,55.4 1 0
github.com/tellor-io/TellorMiner/tracker/gas.go:55.9,58.18 3 1
github.com/tellor-io/TellorMiner/tracker/gas.go:58.18,61.5 2 0
github.com/tellor-io/TellorMiner/tracker/gas.go:61.10,65.5 3 1
github.com/tellor-io/TellorMiner/tracker/gas.go:67.8,69.3 1 0
github.com/tellor-io/TellorMiner/tracker/singleSymbol.go:15.71,19.2 3 1
github.com/tellor-io/TellorMiner/tracker/singleSymbol.go:21.90,23.2 1 1
github.com/tellor-io/TellorMiner/tracker/timeOut.go:27.42,29.2 1 0
github.com/tellor-io/TellorMiner/tracker/timeOut.go:32.58,48.16 8 0
github.com/tellor-io/TellorMiner/tracker/timeOut.go:52.2,54.16 3 0
github.com/tellor-io/TellorMiner/tracker/timeOut.go:57.2,62.16 5 0
github.com/tellor-io/TellorMiner/tracker/timeOut.go:66.2,68.16 3 0
github.com/tellor-io/TellorMiner/tracker/timeOut.go:79.2,79.43 1 0
github.com/tellor-io/TellorMiner/tracker/timeOut.go:103.2,103.12 1 0
github.com/tellor-io/TellorMiner/tracker/timeOut.go:48.16,51.3 2 0
github.com/tellor-io/TellorMiner/tracker/timeOut.go:54.16,56.3 1 0
github.com/tellor-io/TellorMiner/tracker/timeOut.go:62.16,65.3 2 0
github.com/tellor-io/TellorMiner/tracker/timeOut.go:68.16,71.3 2 0
github.com/tellor-io/TellorMiner/tracker/timeOut.go:79.43,82.17 3 0
github.com/tellor-io/TellorMiner/tracker/timeOut.go:85.3,89.17 5 0
github.com/tellor-io/TellorMiner/tracker/timeOut.go:92.3,92.25 1 0
github.com/tellor-io/TellorMiner/tracker/timeOut.go:95.3,98.17 4 0
github.com/tellor-io/TellorMiner/tracker/timeOut.go:82.17,84.4 1 0
github.com/tellor-io/TellorMiner/tracker/timeOut.go:89.17,91.4 1 0
github.com/tellor-io/TellorMiner/tracker/timeOut.go:92.25,94.4 1 0
github.com/tellor-io/TellorMiner/tracker/timeOut.go:98.17,100.4 1 0
github.com/tellor-io/TellorMiner/tracker/timedSwitch.go:14.71,15.20 1 1
github.com/tellor-io/TellorMiner/tracker/timedSwitch.go:15.20,17.3 1 1
github.com/tellor-io/TellorMiner/tracker/timedSwitch.go:17.8,19.3 1 0
github.com/tellor-io/TellorMiner/tracker/timedSwitch.go:22.90,25.20 1 1
github.com/tellor-io/TellorMiner/tracker/timedSwitch.go:25.20,27.3 1 1
github.com/tellor-io/TellorMiner/tracker/timedSwitch.go:27.8,29.3 1 0
github.com/tellor-io/TellorMiner/tracker/tributeBalance.go:21.42,23.2 1 1
github.com/tellor-io/TellorMiner/tracker/tributeBalance.go:25.58,45.16 9 1
github.com/tellor-io/TellorMiner/tracker/tributeBalance.go:50.2,64.21 4 1
github.com/tellor-io/TellorMiner/tracker/tributeBalance.go:69.2,70.16 2 1
github.com/tellor-io/TellorMiner/tracker/tributeBalance.go:74.2,75.50 2 1
github.com/tellor-io/TellorMiner/tracker/tributeBalance.go:45.16,48.3 2 0
github.com/tellor-io/TellorMiner/tracker/tributeBalance.go:64.21,66.3 1 1
github.com/tellor-io/TellorMiner/tracker/tributeBalance.go:70.16,73.3 2 0
github.com/tellor-io/TellorMiner/tracker/balance.go:20.42,22.2 1 1
github.com/tellor-io/TellorMiner/tracker/balance.go:25.58,42.16 7 1
github.com/tellor-io/TellorMiner/tracker/balance.go:46.2,48.43 3 1
github.com/tellor-io/TellorMiner/tracker/balance.go:42.16,45.3 2 1
github.com/tellor-io/TellorMiner/tracker/currentVariables.go:22.51,24.2 1 1
github.com/tellor-io/TellorMiner/tracker/currentVariables.go:27.67,41.16 7 1
github.com/tellor-io/TellorMiner/tracker/currentVariables.go:47.2,48.16 2 1
github.com/tellor-io/TellorMiner/tracker/currentVariables.go:52.2,53.14 2 1
github.com/tellor-io/TellorMiner/tracker/currentVariables.go:56.2,89.46 8 1
github.com/tellor-io/TellorMiner/tracker/currentVariables.go:41.16,44.3 2 0
github.com/tellor-io/TellorMiner/tracker/currentVariables.go:48.16,51.3 2 0
github.com/tellor-io/TellorMiner/tracker/currentVariables.go:53.14,55.3 1 1
github.com/tellor-io/TellorMiner/tracker/disputeStatus.go:23.42,25.2 1 1
github.com/tellor-io/TellorMiner/tracker/disputeStatus.go:28.58,48.16 9 1
github.com/tellor-io/TellorMiner/tracker/disputeStatus.go:53.2,55.16 2 1
github.com/tellor-io/TellorMiner/tracker/disputeStatus.go:59.2,62.16 4 1
github.com/tellor-io/TellorMiner/tracker/disputeStatus.go:73.2,73.43 1 1
github.com/tellor-io/TellorMiner/tracker/disputeStatus.go:88.2,88.12 1 1
github.com/tellor-io/TellorMiner/tracker/disputeStatus.go:48.16,51.3 2 0
github.com/tellor-io/TellorMiner/tracker/disputeStatus.go:55.16,58.3 2 0
github.com/tellor-io/TellorMiner/tracker/disputeStatus.go:62.16,65.3 2 0
github.com/tellor-io/TellorMiner/tracker/disputeStatus.go:73.43,77.17 3 1
github.com/tellor-io/TellorMiner/tracker/disputeStatus.go:80.3,83.17 4 1
github.com/tellor-io/TellorMiner/tracker/disputeStatus.go:77.17,79.4 1 0
github.com/tellor-io/TellorMiner/tracker/disputeStatus.go:83.17,85.4 1 0
github.com/tellor-io/TellorMiner/tracker/valueGenerators.go:29.23,32.39 2 1
github.com/tellor-io/TellorMiner/tracker/valueGenerators.go:41.2,41.12 1 1
github.com/tellor-io/TellorMiner/tracker/valueGenerators.go:32.39,34.28 2 1
github.com/tellor-io/TellorMiner/tracker/valueGenerators.go:34.28,36.11 2 1
github.com/tellor-io/TellorMiner/tracker/valueGenerators.go:36.11,38.5 1 0
github.com/tellor-io/TellorMiner/tracker/valueGenerators.go:44.70,49.31 4 1
github.com/tellor-io/TellorMiner/tracker/valueGenerators.go:62.2,62.59 1 1
github.com/tellor-io/TellorMiner/tracker/valueGenerators.go:49.31,52.22 2 1
github.com/tellor-io/TellorMiner/tracker/valueGenerators.go:55.3,55.33 1 1
github.com/tellor-io/TellorMiner/tracker/valueGenerators.go:58.3,58.23 1 1
github.com/tellor-io/TellorMiner/tracker/valueGenerators.go:52.22,54.4 1 1
github.com/tellor-io/TellorMiner/tracker/valueGenerators.go:55.33,57.4 1 1
github.com/tellor-io/TellorMiner/tracker/valueGenerators.go:65.69,69.35 3 1
github.com/tellor-io/TellorMiner/tracker/valueGenerators.go:81.2,81.37 1 1
github.com/tellor-io/TellorMiner/tracker/valueGenerators.go:110.2,110.12 1 1
github.com/tellor-io/TellorMiner/tracker/valueGenerators.go:69.35,71.41 2 1
github.com/tellor-io/TellorMiner/tracker/valueGenerators.go:71.41,73.10 2 1
github.com/tellor-io/TellorMiner/tracker/valueGenerators.go:73.10,75.10 2 1
github.com/tellor-io/TellorMiner/tracker/valueGenerators.go:81.37,87.51 3 1
github.com/tellor-io/TellorMiner/tracker/valueGenerators.go:95.3,105.17 8 1
github.com/tellor-io/TellorMiner/tracker/valueGenerators.go:87.51,90.13 1 1
github.com/tellor-io/TellorMiner/tracker/valueGenerators.go:105.17,107.4 1 0
github.com/tellor-io/TellorMiner/tracker/ampl.go:13.62,20.2 1 1
github.com/tellor-io/TellorMiner/tracker/ampl.go:22.82,24.24 2 1
github.com/tellor-io/TellorMiner/tracker/ampl.go:27.2,27.58 1 1
github.com/tellor-io/TellorMiner/tracker/ampl.go:24.24,26.3 1 1
github.com/tellor-io/TellorMiner/tracker/ampl.go:31.54,32.81 1 1
github.com/tellor-io/TellorMiner/tracker/ampl.go:32.81,55.27 10 1
github.com/tellor-io/TellorMiner/tracker/ampl.go:77.3,81.14 4 1
github.com/tellor-io/TellorMiner/tracker/ampl.go:55.27,58.25 3 1
github.com/tellor-io/TellorMiner/tracker/ampl.go:63.4,64.25 2 1
github.com/tellor-io/TellorMiner/tracker/ampl.go:69.4,70.30 2 1
github.com/tellor-io/TellorMiner/tracker/ampl.go:73.4,73.13 1 1
github.com/tellor-io/TellorMiner/tracker/ampl.go:58.25,61.13 1 1
github.com/tellor-io/TellorMiner/tracker/ampl.go:64.25,67.13 1 0
github.com/tellor-io/TellorMiner/tracker/ampl.go:70.30,72.5 1 1
github.com/tellor-io/TellorMiner/tracker/ampl.go:81.14,84.4 1 1
github.com/tellor-io/TellorMiner/tracker/ampl.go:84.9,86.4 1 1
github.com/tellor-io/TellorMiner/tracker/psrs.go:154.45,156.2 1 1
github.com/tellor-io/TellorMiner/tracker/psrs.go:159.48,161.2 1 0
github.com/tellor-io/TellorMiner/tracker/psrs.go:164.44,166.2 1 1
github.com/tellor-io/TellorMiner/tracker/psrs.go:168.104,169.81 1 1
github.com/tellor-io/TellorMiner/tracker/psrs.go:169.81,176.28 7 1
github.com/tellor-io/TellorMiner/tracker/psrs.go:193.3,209.55 7 1
github.com/tellor-io/TellorMiner/tracker/psrs.go:176.28,178.29 2 1
github.com/tellor-io/TellorMiner/tracker/psrs.go:178.29,184.45 6 1
github.com/tellor-io/TellorMiner/tracker/psrs.go:187.5,187.29 1 1
github.com/tellor-io/TellorMiner/tracker/psrs.go:184.45,186.6 1 1
github.com/tellor-io/TellorMiner/tracker/psrs.go:187.29,189.6 1 1
github.com/tellor-io/TellorMiner/tracker/psrs.go:213.66,214.81 1 1
github.com/tellor-io/TellorMiner/tracker/psrs.go:214.81,217.27 3 1
github.com/tellor-io/TellorMiner/tracker/psrs.go:225.3,225.75 1 1
github.com/tellor-io/TellorMiner/tracker/psrs.go:217.27,220.22 2 1
github.com/tellor-io/TellorMiner/tracker/psrs.go:220.22,223.5 2 1
github.com/tellor-io/TellorMiner/tracker/psrs.go:229.85,232.27 3 1
github.com/tellor-io/TellorMiner/tracker/psrs.go:240.2,240.47 1 1
github.com/tellor-io/TellorMiner/tracker/psrs.go:232.27,234.15 2 1
github.com/tellor-io/TellorMiner/tracker/psrs.go:234.15,238.4 2 1
github.com/tellor-io/TellorMiner/tracker/psrs.go:243.82,245.21 2 1
github.com/tellor-io/TellorMiner/tracker/psrs.go:248.2,248.35 1 1
github.com/tellor-io/TellorMiner/tracker/psrs.go:245.21,247.3 1 0
github.com/tellor-io/TellorMiner/tracker/psrs.go:252.85,254.21 2 1
github.com/tellor-io/TellorMiner/tracker/psrs.go:257.2,257.27 1 1
github.com/tellor-io/TellorMiner/tracker/psrs.go:265.2,265.33 1 1
github.com/tellor-io/TellorMiner/tracker/psrs.go:254.21,256.3 1 0
github.com/tellor-io/TellorMiner/tracker/psrs.go:257.27,259.43 1 1
github.com/tellor-io/TellorMiner/tracker/psrs.go:259.43,263.4 3 0
github.com/tellor-io/TellorMiner/tracker/psrs.go:269.85,274.2 4 1
github.com/tellor-io/TellorMiner/tracker/psrs.go:276.63,278.41 2 1
github.com/tellor-io/TellorMiner/tracker/psrs.go:281.2,282.29 2 1
github.com/tellor-io/TellorMiner/tracker/psrs.go:285.2,285.15 1 1
github.com/tellor-io/TellorMiner/tracker/psrs.go:278.41,280.3 1 1
github.com/tellor-io/TellorMiner/tracker/psrs.go:282.29,284.3 1 1
github.com/tellor-io/TellorMiner/tracker/psrs.go:288.80,290.21 2 1
github.com/tellor-io/TellorMiner/tracker/psrs.go:293.2,293.33 1 1
github.com/tellor-io/TellorMiner/tracker/psrs.go:290.21,292.3 1 0
github.com/tellor-io/TellorMiner/tracker/psrs.go:296.59,300.27 4 1
github.com/tellor-io/TellorMiner/tracker/psrs.go:304.2,306.15 3 1
github.com/tellor-io/TellorMiner/tracker/psrs.go:300.27,303.3 2 1
github.com/tellor-io/TellorMiner/tracker/psrs.go:310.72,313.27 3 1
github.com/tellor-io/TellorMiner/tracker/psrs.go:317.2,317.16 1 1
github.com/tellor-io/TellorMiner/tracker/psrs.go:321.2,322.27 2 1
github.com/tellor-io/TellorMiner/tracker/psrs.go:325.2,325.77 1 1
github.com/tellor-io/TellorMiner/tracker/psrs.go:313.27,316.3 2 1
github.com/tellor-io/TellorMiner/tracker/psrs.go:317.16,319.3 1 1
github.com/tellor-io/TellorMiner/tracker/psrs.go:322.27,324.3 1 1
github.com/tellor-io/TellorMiner/tracker/retryFetcher.go:15.13,17.2 1 1
github.com/tellor-io/TellorMiner/tracker/retryFetcher.go:29.58,31.2 1 1
github.com/tellor-io/TellorMiner/tracker/retryFetcher.go:33.73,40.16 5 1
github.com/tellor-io/TellorMiner/tracker/retryFetcher.go:56.2,58.16 3 1
github.com/tellor-io/TellorMiner/tracker/retryFetcher.go:62.2,62.46 1 1
github.com/tellor-io/TellorMiner/tracker/retryFetcher.go:76.2,76.18 1 1
github.com/tellor-io/TellorMiner/tracker/retryFetcher.go:40.16,44.28 3 1
github.com/tellor-io/TellorMiner/tracker/retryFetcher.go:49.3,53.36 3 1
github.com/tellor-io/TellorMiner/tracker/retryFetcher.go:44.28,47.4 2 1
github.com/tellor-io/TellorMiner/tracker/retryFetcher.go:58.16,60.3 1 0
github.com/tellor-io/TellorMiner/tracker/retryFetcher.go:62.46,67.28 3 1
github.com/tellor-io/TellorMiner/tracker/retryFetcher.go:71.3,74.36 2 1
github.com/tellor-io/TellorMiner/tracker/retryFetcher.go:67.28,69.4 1 1
github.com/tellor-io/TellorMiner/tracker/factory.go:6.52,7.14 1 1
github.com/tellor-io/TellorMiner/tracker/factory.go:8.17,9.3 1 1
github.com/tellor-io/TellorMiner/tracker/factory.go:12.17,13.3 1 1
github.com/tellor-io/TellorMiner/tracker/factory.go:16.26,17.3 1 1
github.com/tellor-io/TellorMiner/tracker/factory.go:20.23,21.3 1 1
github.com/tellor-io/TellorMiner/tracker/factory.go:24.13,25.3 1 1
github.com/tellor-io/TellorMiner/tracker/factory.go:28.29,29.4 1 1
github.com/tellor-io/TellorMiner/tracker/factory.go:32.24,33.3 1 1
github.com/tellor-io/TellorMiner/tracker/factory.go:36.18,37.3 1 1
github.com/tellor-io/TellorMiner/tracker/factory.go:40.24,41.43 1 1
github.com/tellor-io/TellorMiner/tracker/factory.go:42.10,43.62 1 1
github.com/tellor-io/TellorMiner/tracker/factory.go:9.3,11.4 1 1
github.com/tellor-io/TellorMiner/tracker/factory.go:13.3,15.4 1 1
github.com/tellor-io/TellorMiner/tracker/factory.go:17.3,19.4 1 1
github.com/tellor-io/TellorMiner/tracker/factory.go:21.3,23.4 1 1
github.com/tellor-io/TellorMiner/tracker/factory.go:25.3,27.4 1 1
github.com/tellor-io/TellorMiner/tracker/factory.go:29.4,31.5 1 1
github.com/tellor-io/TellorMiner/tracker/factory.go:33.3,35.4 1 1
github.com/tellor-io/TellorMiner/tracker/factory.go:37.3,39.4 1 1
github.com/tellor-io/TellorMiner/tracker/newCurrentVariables.go:31.54,33.2 1 0
github.com/tellor-io/TellorMiner/tracker/newCurrentVariables.go:36.70,50.15 7 0
github.com/tellor-io/TellorMiner/tracker/newCurrentVariables.go:54.2,54.108 1 0
github.com/tellor-io/TellorMiner/tracker/newCurrentVariables.go:58.2,64.16 4 0
github.com/tellor-io/TellorMiner/tracker/newCurrentVariables.go:68.2,69.14 2 0
github.com/tellor-io/TellorMiner/tracker/newCurrentVariables.go:73.2,84.16 5 0
github.com/tellor-io/TellorMiner/tracker/newCurrentVariables.go:88.2,89.16 2 0
github.com/tellor-io/TellorMiner/tracker/newCurrentVariables.go:93.2,94.16 2 0
github.com/tellor-io/TellorMiner/tracker/newCurrentVariables.go:100.2,100.24 1 0
github.com/tellor-io/TellorMiner/tracker/newCurrentVariables.go:109.2,110.16 2 0
github.com/tellor-io/TellorMiner/tracker/newCurrentVariables.go:115.2,116.16 2 0
github.com/tellor-io/TellorMiner/tracker/newCurrentVariables.go:121.2,121.46 1 0
github.com/tellor-io/TellorMiner/tracker/newCurrentVariables.go:50.15,53.3 2 0
github.com/tellor-io/TellorMiner/tracker/newCurrentVariables.go:54.108,57.3 2 0
github.com/tellor-io/TellorMiner/tracker/newCurrentVariables.go:64.16,67.3 2 0
github.com/tellor-io/TellorMiner/tracker/newCurrentVariables.go:69.14,71.3 1 0
github.com/tellor-io/TellorMiner/tracker/newCurrentVariables.go:84.16,87.3 2 0
github.com/tellor-io/TellorMiner/tracker/newCurrentVariables.go:89.16,92.3 2 0
github.com/tellor-io/TellorMiner/tracker/newCurrentVariables.go:94.16,97.3 2 0
github.com/tellor-io/TellorMiner/tracker/newCurrentVariables.go:100.24,103.17 3 0
github.com/tellor-io/TellorMiner/tracker/newCurrentVariables.go:103.17,106.4 2 0
github.com/tellor-io/TellorMiner/tracker/newCurrentVariables.go:110.16,113.3 2 0
github.com/tellor-io/TellorMiner/tracker/newCurrentVariables.go:116.16,119.3 2 0
github.com/tellor-io/TellorMiner/tracker/disputeChecker.go:30.42,32.2 1 1
github.com/tellor-io/TellorMiner/tracker/disputeChecker.go:43.83,50.25 4 1
github.com/tellor-io/TellorMiner/tracker/disputeChecker.go:59.2,59.26 1 1
github.com/tellor-io/TellorMiner/tracker/disputeChecker.go:63.2,66.31 3 1
github.com/tellor-io/TellorMiner/tracker/disputeChecker.go:74.2,91.3 7 1
github.com/tellor-io/TellorMiner/tracker/disputeChecker.go:50.25,53.23 3 1
github.com/tellor-io/TellorMiner/tracker/disputeChecker.go:53.23,56.4 2 1
github.com/tellor-io/TellorMiner/tracker/disputeChecker.go:59.26,61.3 1 0
github.com/tellor-io/TellorMiner/tracker/disputeChecker.go:66.31,67.15 1 1
github.com/tellor-io/TellorMiner/tracker/disputeChecker.go:70.3,70.15 1 1
github.com/tellor-io/TellorMiner/tracker/disputeChecker.go:67.15,69.4 1 1
github.com/tellor-io/TellorMiner/tracker/disputeChecker.go:70.15,72.4 1 1
github.com/tellor-io/TellorMiner/tracker/disputeChecker.go:94.58,99.16 3 1
github.com/tellor-io/TellorMiner/tracker/disputeChecker.go:102.2,102.29 1 1
github.com/tellor-io/TellorMiner/tracker/disputeChecker.go:106.2,109.47 3 1
github.com/tellor-io/TellorMiner/tracker/disputeChecker.go:113.2,114.16 2 1
github.com/tellor-io/TellorMiner/tracker/disputeChecker.go:117.2,131.16 7 1
github.com/tellor-io/TellorMiner/tracker/disputeChecker.go:134.2,135.24 2 1
github.com/tellor-io/TellorMiner/tracker/disputeChecker.go:180.2,181.12 2 1
github.com/tellor-io/TellorMiner/tracker/disputeChecker.go:99.16,101.3 1 0
github.com/tellor-io/TellorMiner/tracker/disputeChecker.go:102.29,104.3 1 0
github.com/tellor-io/TellorMiner/tracker/disputeChecker.go:109.47,111.3 1 0
github.com/tellor-io/TellorMiner/tracker/disputeChecker.go:114.16,116.3 1 0
github.com/tellor-io/TellorMiner/tracker/disputeChecker.go:131.16,133.3 1 0
github.com/tellor-io/TellorMiner/tracker/disputeChecker.go:135.24,138.17 3 1
github.com/tellor-io/TellorMiner/tracker/disputeChecker.go:141.3,142.10 2 1
github.com/tellor-io/TellorMiner/tracker/disputeChecker.go:150.3,152.20 3 1
github.com/tellor-io/TellorMiner/tracker/disputeChecker.go:156.3,156.26 1 1
github.com/tellor-io/TellorMiner/tracker/disputeChecker.go:138.17,140.4 1 0
github.com/tellor-io/TellorMiner/tracker/disputeChecker.go:142.10,144.18 2 1
github.com/tellor-io/TellorMiner/tracker/disputeChecker.go:147.4,148.41 2 1
github.com/tellor-io/TellorMiner/tracker/disputeChecker.go:144.18,146.5 1 0
github.com/tellor-io/TellorMiner/tracker/disputeChecker.go:152.20,154.12 2 0
github.com/tellor-io/TellorMiner/tracker/disputeChecker.go:156.26,159.40 3 1
github.com/tellor-io/TellorMiner/tracker/disputeChecker.go:168.4,172.18 5 1
github.com/tellor-io/TellorMiner/tracker/disputeChecker.go:159.40,162.18 3 1
github.com/tellor-io/TellorMiner/tracker/disputeChecker.go:162.18,164.6 1 0
github.com/tellor-io/TellorMiner/tracker/disputeChecker.go:164.11,166.6 1 1
github.com/tellor-io/TellorMiner/tracker/disputeChecker.go:172.18,174.5 1 0
github.com/tellor-io/TellorMiner/tracker/disputeChecker.go:175.9,177.4 1 1
github.com/tellor-io/TellorMiner/tracker/index.go:20.13,22.2 1 1
github.com/tellor-io/TellorMiner/tracker/index.go:29.46,32.16 3 1
github.com/tellor-io/TellorMiner/tracker/index.go:36.2,40.16 4 1
github.com/tellor-io/TellorMiner/tracker/index.go:43.2,45.16 3 1
github.com/tellor-io/TellorMiner/tracker/index.go:49.2,56.40 4 1
github.com/tellor-io/TellorMiner/tracker/index.go:95.2,97.42 2 1
github.com/tellor-io/TellorMiner/tracker/index.go:104.2,108.39 3 1
github.com/tellor-io/TellorMiner/tracker/index.go:113.2,114.16 2 1
github.com/tellor-io/TellorMiner/tracker/index.go:118.2,118.22 1 1
github.com/tellor-io/TellorMiner/tracker/index.go:32.16,34.3 1 0
github.com/tellor-io/TellorMiner/tracker/index.go:40.16,42.3 1 0
github.com/tellor-io/TellorMiner/tracker/index.go:45.16,47.3 1 0
github.com/tellor-io/TellorMiner/tracker/index.go:56.40,57.28 1 1
github.com/tellor-io/TellorMiner/tracker/index.go:57.28,60.11 2 1
github.com/tellor-io/TellorMiner/tracker/index.go:83.4,91.73 5 1
github.com/tellor-io/TellorMiner/tracker/index.go:60.11,64.43 4 1
github.com/tellor-io/TellorMiner/tracker/index.go:75.5,80.6 1 1
github.com/tellor-io/TellorMiner/tracker/index.go:64.43,67.20 3 1
github.com/tellor-io/TellorMiner/tracker/index.go:70.6,70.19 1 1
github.com/tellor-io/TellorMiner/tracker/index.go:67.20,69.7 1 0
github.com/tellor-io/TellorMiner/tracker/index.go:71.11,74.6 2 1
github.com/tellor-io/TellorMiner/tracker/index.go:97.42,101.3 2 1
github.com/tellor-io/TellorMiner/tracker/index.go:108.39,110.3 1 1
github.com/tellor-io/TellorMiner/tracker/index.go:114.16,116.3 1 0
github.com/tellor-io/TellorMiner/tracker/index.go:137.41,139.2 1 1
github.com/tellor-io/TellorMiner/tracker/index.go:145.42,147.2 1 1
github.com/tellor-io/TellorMiner/tracker/index.go:149.56,151.16 2 1
github.com/tellor-io/TellorMiner/tracker/index.go:155.2,156.16 2 1
github.com/tellor-io/TellorMiner/tracker/index.go:161.2,162.20 2 1
github.com/tellor-io/TellorMiner/tracker/index.go:167.2,169.35 2 1
github.com/tellor-io/TellorMiner/tracker/index.go:151.16,153.3 1 0
github.com/tellor-io/TellorMiner/tracker/index.go:156.16,158.3 1 1
github.com/tellor-io/TellorMiner/tracker/index.go:162.20,164.3 1 1
github.com/tellor-io/TellorMiner/tracker/index.go:172.40,174.2 1 1
github.com/tellor-io/TellorMiner/tracker/runner.go:26.65,28.2 1 1
github.com/tellor-io/TellorMiner/tracker/runner.go:31.68,36.35 5 1
github.com/tellor-io/TellorMiner/tracker/runner.go:44.2,44.38 1 1
github.com/tellor-io/TellorMiner/tracker/runner.go:52.2,52.24 1 1
github.com/tellor-io/TellorMiner/tracker/runner.go:55.2,59.27 4 1
github.com/tellor-io/TellorMiner/tracker/runner.go:69.2,71.53 3 1
github.com/tellor-io/TellorMiner/tracker/runner.go:74.2,74.49 1 1
github.com/tellor-io/TellorMiner/tracker/runner.go:79.2,80.17 2 1
github.com/tellor-io/TellorMiner/tracker/runner.go:86.2,89.12 2 1
github.com/tellor-io/TellorMiner/tracker/runner.go:119.2,119.12 1 1
github.com/tellor-io/TellorMiner/tracker/runner.go:36.35,38.17 2 1
github.com/tellor-io/TellorMiner/tracker/runner.go:42.3,42.36 1 1
github.com/tellor-io/TellorMiner/tracker/runner.go:38.17,40.12 2 0
github.com/tellor-io/TellorMiner/tracker/runner.go:44.38,46.17 2 1
github.com/tellor-io/TellorMiner/tracker/runner.go:50.3,50.36 1 1
github.com/tellor-io/TellorMiner/tracker/runner.go:46.17,48.12 2 0
github.com/tellor-io/TellorMiner/tracker/runner.go:52.24,54.3 1 0
github.com/tellor-io/TellorMiner/tracker/runner.go:59.27,62.17 3 1
github.com/tellor-io/TellorMiner/tracker/runner.go:66.3,66.86 1 1
github.com/tellor-io/TellorMiner/tracker/runner.go:62.17,65.4 2 0
github.com/tellor-io/TellorMiner/tracker/runner.go:71.53,73.3 1 1
github.com/tellor-io/TellorMiner/tracker/runner.go:74.49,76.3 1 1
github.com/tellor-io/TellorMiner/tracker/runner.go:80.17,81.26 1 1
github.com/tellor-io/TellorMiner/tracker/runner.go:84.3,84.25 1 0
github.com/tellor-io/TellorMiner/tracker/runner.go:81.26,83.4 1 1
github.com/tellor-io/TellorMiner/tracker/runner.go:89.12,91.7 2 1
github.com/tellor-io/TellorMiner/tracker/runner.go:91.7,92.11 1 1
github.com/tellor-io/TellorMiner/tracker/runner.go:93.22,94.5 1 1
github.com/tellor-io/TellorMiner/tracker/runner.go:99.24,100.5 1 1
github.com/tellor-io/TellorMiner/tracker/runner.go:94.5,98.6 3 1
github.com/tellor-io/TellorMiner/tracker/runner.go:100.5,102.25 1 1
github.com/tellor-io/TellorMiner/tracker/runner.go:113.6,113.9 1 1
github.com/tellor-io/TellorMiner/tracker/runner.go:102.25,105.21 3 1
github.com/tellor-io/TellorMiner/tracker/runner.go:109.7,109.32 1 1
github.com/tellor-io/TellorMiner/tracker/runner.go:105.21,107.8 1 0
github.com/tellor-io/TellorMiner/tracker/runner.go:109.32,111.8 1 1
github.com/tellor-io/TellorMiner/tracker/runner.go:123.36,125.2 1 1
